<?xml version="1.0" encoding="UTF-8"?>
<testsuite xmlns:xsi="http://www.w3.org/2001/XMLSchema-instance" xsi:noNamespaceSchemaLocation="https://maven.apache.org/surefire/maven-surefire-plugin/xsd/surefire-test-report.xsd" name="com.spx.hive_test.HiveTestApplicationTests" time="7.985" tests="1" errors="0" skipped="0" failures="0">
  <properties>
    <property name="sun.desktop" value="windows"/>
    <property name="awt.toolkit" value="sun.awt.windows.WToolkit"/>
    <property name="file.encoding.pkg" value="sun.io"/>
    <property name="java.specification.version" value="1.8"/>
    <property name="sun.cpu.isalist" value="amd64"/>
    <property name="sun.jnu.encoding" value="GBK"/>
    <property name="java.class.path" value="D:\Project\hive_test\target\test-classes;D:\Project\hive_test\target\classes;D:\Maven\repository\org\springframework\boot\spring-boot-starter-web\2.3.3.RELEASE\spring-boot-starter-web-2.3.3.RELEASE.jar;D:\Maven\repository\org\springframework\boot\spring-boot-starter\2.3.3.RELEASE\spring-boot-starter-2.3.3.RELEASE.jar;D:\Maven\repository\org\springframework\boot\spring-boot-starter-logging\2.3.3.RELEASE\spring-boot-starter-logging-2.3.3.RELEASE.jar;D:\Maven\repository\ch\qos\logback\logback-classic\1.2.3\logback-classic-1.2.3.jar;D:\Maven\repository\ch\qos\logback\logback-core\1.2.3\logback-core-1.2.3.jar;D:\Maven\repository\org\apache\logging\log4j\log4j-to-slf4j\2.13.3\log4j-to-slf4j-2.13.3.jar;D:\Maven\repository\org\apache\logging\log4j\log4j-api\2.13.3\log4j-api-2.13.3.jar;D:\Maven\repository\org\slf4j\jul-to-slf4j\1.7.30\jul-to-slf4j-1.7.30.jar;D:\Maven\repository\jakarta\annotation\jakarta.annotation-api\1.3.5\jakarta.annotation-api-1.3.5.jar;D:\Maven\repository\org\yaml\snakeyaml\1.26\snakeyaml-1.26.jar;D:\Maven\repository\org\springframework\boot\spring-boot-starter-json\2.3.3.RELEASE\spring-boot-starter-json-2.3.3.RELEASE.jar;D:\Maven\repository\com\fasterxml\jackson\core\jackson-databind\2.11.2\jackson-databind-2.11.2.jar;D:\Maven\repository\com\fasterxml\jackson\core\jackson-annotations\2.11.2\jackson-annotations-2.11.2.jar;D:\Maven\repository\com\fasterxml\jackson\core\jackson-core\2.11.2\jackson-core-2.11.2.jar;D:\Maven\repository\com\fasterxml\jackson\datatype\jackson-datatype-jdk8\2.11.2\jackson-datatype-jdk8-2.11.2.jar;D:\Maven\repository\com\fasterxml\jackson\datatype\jackson-datatype-jsr310\2.11.2\jackson-datatype-jsr310-2.11.2.jar;D:\Maven\repository\com\fasterxml\jackson\module\jackson-module-parameter-names\2.11.2\jackson-module-parameter-names-2.11.2.jar;D:\Maven\repository\org\springframework\boot\spring-boot-starter-tomcat\2.3.3.RELEASE\spring-boot-starter-tomcat-2.3.3.RELEASE.jar;D:\Maven\repository\org\apache\tomcat\embed\tomcat-embed-core\9.0.37\tomcat-embed-core-9.0.37.jar;D:\Maven\repository\org\glassfish\jakarta.el\3.0.3\jakarta.el-3.0.3.jar;D:\Maven\repository\org\apache\tomcat\embed\tomcat-embed-websocket\9.0.37\tomcat-embed-websocket-9.0.37.jar;D:\Maven\repository\org\springframework\spring-web\5.2.8.RELEASE\spring-web-5.2.8.RELEASE.jar;D:\Maven\repository\org\springframework\spring-beans\5.2.8.RELEASE\spring-beans-5.2.8.RELEASE.jar;D:\Maven\repository\org\springframework\spring-webmvc\5.2.8.RELEASE\spring-webmvc-5.2.8.RELEASE.jar;D:\Maven\repository\org\springframework\spring-aop\5.2.8.RELEASE\spring-aop-5.2.8.RELEASE.jar;D:\Maven\repository\org\springframework\spring-context\5.2.8.RELEASE\spring-context-5.2.8.RELEASE.jar;D:\Maven\repository\org\springframework\spring-expression\5.2.8.RELEASE\spring-expression-5.2.8.RELEASE.jar;D:\Maven\repository\com\alibaba\druid-spring-boot-starter\1.1.10\druid-spring-boot-starter-1.1.10.jar;D:\Maven\repository\com\alibaba\druid\1.1.10\druid-1.1.10.jar;D:\Maven\repository\org\slf4j\slf4j-api\1.7.30\slf4j-api-1.7.30.jar;D:\Maven\repository\org\springframework\boot\spring-boot-autoconfigure\2.3.3.RELEASE\spring-boot-autoconfigure-2.3.3.RELEASE.jar;D:\Maven\repository\org\apache\hadoop\hadoop-common\2.6.0\hadoop-common-2.6.0.jar;D:\Maven\repository\org\apache\hadoop\hadoop-annotations\2.6.0\hadoop-annotations-2.6.0.jar;C:\Program Files\Java\jdk1.8.0_261\jre\..\lib\tools.jar;D:\Maven\repository\com\google\guava\guava\11.0.2\guava-11.0.2.jar;D:\Maven\repository\commons-cli\commons-cli\1.2\commons-cli-1.2.jar;D:\Maven\repository\org\apache\commons\commons-math3\3.1.1\commons-math3-3.1.1.jar;D:\Maven\repository\xmlenc\xmlenc\0.52\xmlenc-0.52.jar;D:\Maven\repository\commons-httpclient\commons-httpclient\3.1\commons-httpclient-3.1.jar;D:\Maven\repository\commons-codec\commons-codec\1.14\commons-codec-1.14.jar;D:\Maven\repository\commons-io\commons-io\2.4\commons-io-2.4.jar;D:\Maven\repository\commons-net\commons-net\3.1\commons-net-3.1.jar;D:\Maven\repository\commons-collections\commons-collections\3.2.1\commons-collections-3.2.1.jar;D:\Maven\repository\javax\servlet\servlet-api\2.5\servlet-api-2.5.jar;D:\Maven\repository\org\mortbay\jetty\jetty\6.1.26\jetty-6.1.26.jar;D:\Maven\repository\org\mortbay\jetty\jetty-util\6.1.26\jetty-util-6.1.26.jar;D:\Maven\repository\com\sun\jersey\jersey-core\1.9\jersey-core-1.9.jar;D:\Maven\repository\com\sun\jersey\jersey-json\1.9\jersey-json-1.9.jar;D:\Maven\repository\org\codehaus\jettison\jettison\1.1\jettison-1.1.jar;D:\Maven\repository\com\sun\xml\bind\jaxb-impl\2.2.3-1\jaxb-impl-2.2.3-1.jar;D:\Maven\repository\javax\xml\bind\jaxb-api\2.3.1\jaxb-api-2.3.1.jar;D:\Maven\repository\javax\activation\javax.activation-api\1.2.0\javax.activation-api-1.2.0.jar;D:\Maven\repository\org\codehaus\jackson\jackson-jaxrs\1.8.3\jackson-jaxrs-1.8.3.jar;D:\Maven\repository\org\codehaus\jackson\jackson-xc\1.8.3\jackson-xc-1.8.3.jar;D:\Maven\repository\com\sun\jersey\jersey-server\1.9\jersey-server-1.9.jar;D:\Maven\repository\asm\asm\3.1\asm-3.1.jar;D:\Maven\repository\tomcat\jasper-compiler\5.5.23\jasper-compiler-5.5.23.jar;D:\Maven\repository\tomcat\jasper-runtime\5.5.23\jasper-runtime-5.5.23.jar;D:\Maven\repository\javax\servlet\jsp\jsp-api\2.1\jsp-api-2.1.jar;D:\Maven\repository\commons-el\commons-el\1.0\commons-el-1.0.jar;D:\Maven\repository\commons-logging\commons-logging\1.1.3\commons-logging-1.1.3.jar;D:\Maven\repository\log4j\log4j\1.2.17\log4j-1.2.17.jar;D:\Maven\repository\net\java\dev\jets3t\jets3t\0.9.0\jets3t-0.9.0.jar;D:\Maven\repository\com\jamesmurty\utils\java-xmlbuilder\0.4\java-xmlbuilder-0.4.jar;D:\Maven\repository\commons-lang\commons-lang\2.6\commons-lang-2.6.jar;D:\Maven\repository\commons-configuration\commons-configuration\1.6\commons-configuration-1.6.jar;D:\Maven\repository\commons-digester\commons-digester\1.8\commons-digester-1.8.jar;D:\Maven\repository\commons-beanutils\commons-beanutils\1.7.0\commons-beanutils-1.7.0.jar;D:\Maven\repository\commons-beanutils\commons-beanutils-core\1.8.0\commons-beanutils-core-1.8.0.jar;D:\Maven\repository\org\slf4j\slf4j-log4j12\1.7.30\slf4j-log4j12-1.7.30.jar;D:\Maven\repository\org\codehaus\jackson\jackson-core-asl\1.9.13\jackson-core-asl-1.9.13.jar;D:\Maven\repository\org\codehaus\jackson\jackson-mapper-asl\1.9.13\jackson-mapper-asl-1.9.13.jar;D:\Maven\repository\org\apache\avro\avro\1.7.4\avro-1.7.4.jar;D:\Maven\repository\com\thoughtworks\paranamer\paranamer\2.3\paranamer-2.3.jar;D:\Maven\repository\org\xerial\snappy\snappy-java\1.0.4.1\snappy-java-1.0.4.1.jar;D:\Maven\repository\com\google\protobuf\protobuf-java\2.5.0\protobuf-java-2.5.0.jar;D:\Maven\repository\com\google\code\gson\gson\2.8.6\gson-2.8.6.jar;D:\Maven\repository\org\apache\hadoop\hadoop-auth\2.6.0\hadoop-auth-2.6.0.jar;D:\Maven\repository\org\apache\directory\server\apacheds-kerberos-codec\2.0.0-M15\apacheds-kerberos-codec-2.0.0-M15.jar;D:\Maven\repository\org\apache\directory\server\apacheds-i18n\2.0.0-M15\apacheds-i18n-2.0.0-M15.jar;D:\Maven\repository\org\apache\directory\api\api-asn1-api\1.0.0-M20\api-asn1-api-1.0.0-M20.jar;D:\Maven\repository\org\apache\directory\api\api-util\1.0.0-M20\api-util-1.0.0-M20.jar;D:\Maven\repository\com\jcraft\jsch\0.1.42\jsch-0.1.42.jar;D:\Maven\repository\org\apache\curator\curator-client\2.6.0\curator-client-2.6.0.jar;D:\Maven\repository\org\apache\curator\curator-recipes\2.6.0\curator-recipes-2.6.0.jar;D:\Maven\repository\com\google\code\findbugs\jsr305\1.3.9\jsr305-1.3.9.jar;D:\Maven\repository\org\htrace\htrace-core\3.0.4\htrace-core-3.0.4.jar;D:\Maven\repository\org\apache\zookeeper\zookeeper\3.4.6\zookeeper-3.4.6.jar;D:\Maven\repository\io\netty\netty\3.7.0.Final\netty-3.7.0.Final.jar;D:\Maven\repository\org\apache\commons\commons-compress\1.4.1\commons-compress-1.4.1.jar;D:\Maven\repository\org\tukaani\xz\1.0\xz-1.0.jar;D:\Maven\repository\org\springframework\boot\spring-boot-starter-jdbc\2.3.3.RELEASE\spring-boot-starter-jdbc-2.3.3.RELEASE.jar;D:\Maven\repository\com\zaxxer\HikariCP\3.4.5\HikariCP-3.4.5.jar;D:\Maven\repository\org\springframework\spring-jdbc\5.2.8.RELEASE\spring-jdbc-5.2.8.RELEASE.jar;D:\Maven\repository\org\springframework\spring-tx\5.2.8.RELEASE\spring-tx-5.2.8.RELEASE.jar;D:\Maven\repository\org\apache\hive\hive-jdbc\1.1.0\hive-jdbc-1.1.0.jar;D:\Maven\repository\org\apache\hive\hive-common\1.1.0\hive-common-1.1.0.jar;D:\Maven\repository\log4j\apache-log4j-extras\1.2.17\apache-log4j-extras-1.2.17.jar;D:\Maven\repository\org\apache\ant\ant\1.9.1\ant-1.9.1.jar;D:\Maven\repository\org\apache\ant\ant-launcher\1.9.1\ant-launcher-1.9.1.jar;D:\Maven\repository\org\apache\hive\hive-service\1.1.0\hive-service-1.1.0.jar;D:\Maven\repository\net\sf\jpam\jpam\1.1\jpam-1.1.jar;D:\Maven\repository\org\apache\thrift\libfb303\0.9.2\libfb303-0.9.2.jar;D:\Maven\repository\org\apache\hive\hive-serde\1.1.0\hive-serde-1.1.0.jar;D:\Maven\repository\net\sf\opencsv\opencsv\2.3\opencsv-2.3.jar;D:\Maven\repository\com\twitter\parquet-hadoop-bundle\1.6.0rc3\parquet-hadoop-bundle-1.6.0rc3.jar;D:\Maven\repository\org\apache\hive\hive-metastore\1.1.0\hive-metastore-1.1.0.jar;D:\Maven\repository\com\jolbox\bonecp\0.8.0.RELEASE\bonecp-0.8.0.RELEASE.jar;D:\Maven\repository\org\apache\derby\derby\10.14.2.0\derby-10.14.2.0.jar;D:\Maven\repository\org\datanucleus\datanucleus-api-jdo\3.2.6\datanucleus-api-jdo-3.2.6.jar;D:\Maven\repository\org\datanucleus\datanucleus-core\3.2.10\datanucleus-core-3.2.10.jar;D:\Maven\repository\org\datanucleus\datanucleus-rdbms\3.2.9\datanucleus-rdbms-3.2.9.jar;D:\Maven\repository\commons-pool\commons-pool\1.6\commons-pool-1.6.jar;D:\Maven\repository\commons-dbcp\commons-dbcp\1.4\commons-dbcp-1.4.jar;D:\Maven\repository\javax\jdo\jdo-api\3.0.1\jdo-api-3.0.1.jar;D:\Maven\repository\javax\transaction\jta\1.1\jta-1.1.jar;D:\Maven\repository\org\antlr\antlr-runtime\3.4\antlr-runtime-3.4.jar;D:\Maven\repository\org\antlr\stringtemplate\3.2.1\stringtemplate-3.2.1.jar;D:\Maven\repository\antlr\antlr\2.7.7\antlr-2.7.7.jar;D:\Maven\repository\org\apache\hive\hive-shims\1.1.0\hive-shims-1.1.0.jar;D:\Maven\repository\org\apache\hive\shims\hive-shims-common\1.1.0\hive-shims-common-1.1.0.jar;D:\Maven\repository\org\apache\hive\shims\hive-shims-0.20S\1.1.0\hive-shims-0.20S-1.1.0.jar;D:\Maven\repository\org\apache\hive\shims\hive-shims-0.23\1.1.0\hive-shims-0.23-1.1.0.jar;D:\Maven\repository\org\apache\hadoop\hadoop-yarn-server-resourcemanager\2.6.0\hadoop-yarn-server-resourcemanager-2.6.0.jar;D:\Maven\repository\com\google\inject\extensions\guice-servlet\3.0\guice-servlet-3.0.jar;D:\Maven\repository\com\google\inject\guice\3.0\guice-3.0.jar;D:\Maven\repository\javax\inject\javax.inject\1\javax.inject-1.jar;D:\Maven\repository\aopalliance\aopalliance\1.0\aopalliance-1.0.jar;D:\Maven\repository\com\sun\jersey\contribs\jersey-guice\1.9\jersey-guice-1.9.jar;D:\Maven\repository\org\apache\hadoop\hadoop-yarn-common\2.6.0\hadoop-yarn-common-2.6.0.jar;D:\Maven\repository\org\apache\hadoop\hadoop-yarn-api\2.6.0\hadoop-yarn-api-2.6.0.jar;D:\Maven\repository\com\sun\jersey\jersey-client\1.9\jersey-client-1.9.jar;D:\Maven\repository\org\apache\hadoop\hadoop-yarn-server-common\2.6.0\hadoop-yarn-server-common-2.6.0.jar;D:\Maven\repository\org\fusesource\leveldbjni\leveldbjni-all\1.8\leveldbjni-all-1.8.jar;D:\Maven\repository\org\apache\hadoop\hadoop-yarn-server-applicationhistoryservice\2.6.0\hadoop-yarn-server-applicationhistoryservice-2.6.0.jar;D:\Maven\repository\org\apache\hadoop\hadoop-yarn-server-web-proxy\2.6.0\hadoop-yarn-server-web-proxy-2.6.0.jar;D:\Maven\repository\org\apache\hive\shims\hive-shims-scheduler\1.1.0\hive-shims-scheduler-1.1.0.jar;D:\Maven\repository\org\apache\httpcomponents\httpclient\4.5.12\httpclient-4.5.12.jar;D:\Maven\repository\org\apache\httpcomponents\httpcore\4.4.13\httpcore-4.4.13.jar;D:\Maven\repository\org\apache\thrift\libthrift\0.9.2\libthrift-0.9.2.jar;D:\Maven\repository\org\apache\curator\curator-framework\2.6.0\curator-framework-2.6.0.jar;D:\Maven\repository\org\springframework\boot\spring-boot-devtools\2.3.3.RELEASE\spring-boot-devtools-2.3.3.RELEASE.jar;D:\Maven\repository\org\springframework\boot\spring-boot\2.3.3.RELEASE\spring-boot-2.3.3.RELEASE.jar;D:\Maven\repository\org\springframework\boot\spring-boot-starter-test\2.3.3.RELEASE\spring-boot-starter-test-2.3.3.RELEASE.jar;D:\Maven\repository\org\springframework\boot\spring-boot-test\2.3.3.RELEASE\spring-boot-test-2.3.3.RELEASE.jar;D:\Maven\repository\org\springframework\boot\spring-boot-test-autoconfigure\2.3.3.RELEASE\spring-boot-test-autoconfigure-2.3.3.RELEASE.jar;D:\Maven\repository\com\jayway\jsonpath\json-path\2.4.0\json-path-2.4.0.jar;D:\Maven\repository\net\minidev\json-smart\2.3\json-smart-2.3.jar;D:\Maven\repository\net\minidev\accessors-smart\1.2\accessors-smart-1.2.jar;D:\Maven\repository\org\ow2\asm\asm\5.0.4\asm-5.0.4.jar;D:\Maven\repository\jakarta\xml\bind\jakarta.xml.bind-api\2.3.3\jakarta.xml.bind-api-2.3.3.jar;D:\Maven\repository\jakarta\activation\jakarta.activation-api\1.2.2\jakarta.activation-api-1.2.2.jar;D:\Maven\repository\org\assertj\assertj-core\3.16.1\assertj-core-3.16.1.jar;D:\Maven\repository\org\hamcrest\hamcrest\2.2\hamcrest-2.2.jar;D:\Maven\repository\org\junit\jupiter\junit-jupiter\5.6.2\junit-jupiter-5.6.2.jar;D:\Maven\repository\org\junit\jupiter\junit-jupiter-api\5.6.2\junit-jupiter-api-5.6.2.jar;D:\Maven\repository\org\apiguardian\apiguardian-api\1.1.0\apiguardian-api-1.1.0.jar;D:\Maven\repository\org\opentest4j\opentest4j\1.2.0\opentest4j-1.2.0.jar;D:\Maven\repository\org\junit\platform\junit-platform-commons\1.6.2\junit-platform-commons-1.6.2.jar;D:\Maven\repository\org\junit\jupiter\junit-jupiter-params\5.6.2\junit-jupiter-params-5.6.2.jar;D:\Maven\repository\org\junit\jupiter\junit-jupiter-engine\5.6.2\junit-jupiter-engine-5.6.2.jar;D:\Maven\repository\org\junit\platform\junit-platform-engine\1.6.2\junit-platform-engine-1.6.2.jar;D:\Maven\repository\org\mockito\mockito-core\3.3.3\mockito-core-3.3.3.jar;D:\Maven\repository\net\bytebuddy\byte-buddy\1.10.14\byte-buddy-1.10.14.jar;D:\Maven\repository\net\bytebuddy\byte-buddy-agent\1.10.14\byte-buddy-agent-1.10.14.jar;D:\Maven\repository\org\objenesis\objenesis\2.6\objenesis-2.6.jar;D:\Maven\repository\org\mockito\mockito-junit-jupiter\3.3.3\mockito-junit-jupiter-3.3.3.jar;D:\Maven\repository\org\skyscreamer\jsonassert\1.5.0\jsonassert-1.5.0.jar;D:\Maven\repository\com\vaadin\external\google\android-json\0.0.20131108.vaadin1\android-json-0.0.20131108.vaadin1.jar;D:\Maven\repository\org\springframework\spring-core\5.2.8.RELEASE\spring-core-5.2.8.RELEASE.jar;D:\Maven\repository\org\springframework\spring-jcl\5.2.8.RELEASE\spring-jcl-5.2.8.RELEASE.jar;D:\Maven\repository\org\springframework\spring-test\5.2.8.RELEASE\spring-test-5.2.8.RELEASE.jar;D:\Maven\repository\org\xmlunit\xmlunit-core\2.7.0\xmlunit-core-2.7.0.jar;"/>
    <property name="java.vm.vendor" value="Oracle Corporation"/>
    <property name="sun.arch.data.model" value="64"/>
    <property name="user.variant" value=""/>
    <property name="java.vendor.url" value="http://java.oracle.com/"/>
    <property name="user.timezone" value="Asia/Shanghai"/>
    <property name="java.vm.specification.version" value="1.8"/>
    <property name="os.name" value="Windows 10"/>
    <property name="user.country" value="CN"/>
    <property name="sun.java.launcher" value="SUN_STANDARD"/>
    <property name="sun.boot.library.path" value="C:\Program Files\Java\jdk1.8.0_261\jre\bin"/>
    <property name="sun.java.command" value="C:\Users\01397553\AppData\Local\Temp\surefire903162146246108997\surefirebooter7605076635142506721.jar C:\Users\01397553\AppData\Local\Temp\surefire903162146246108997 2020-08-17T15-48-55_917-jvmRun1 surefire659155650812738906tmp surefire_07738642877312767794tmp"/>
    <property name="surefire.test.class.path" value="D:\Project\hive_test\target\test-classes;D:\Project\hive_test\target\classes;D:\Maven\repository\org\springframework\boot\spring-boot-starter-web\2.3.3.RELEASE\spring-boot-starter-web-2.3.3.RELEASE.jar;D:\Maven\repository\org\springframework\boot\spring-boot-starter\2.3.3.RELEASE\spring-boot-starter-2.3.3.RELEASE.jar;D:\Maven\repository\org\springframework\boot\spring-boot-starter-logging\2.3.3.RELEASE\spring-boot-starter-logging-2.3.3.RELEASE.jar;D:\Maven\repository\ch\qos\logback\logback-classic\1.2.3\logback-classic-1.2.3.jar;D:\Maven\repository\ch\qos\logback\logback-core\1.2.3\logback-core-1.2.3.jar;D:\Maven\repository\org\apache\logging\log4j\log4j-to-slf4j\2.13.3\log4j-to-slf4j-2.13.3.jar;D:\Maven\repository\org\apache\logging\log4j\log4j-api\2.13.3\log4j-api-2.13.3.jar;D:\Maven\repository\org\slf4j\jul-to-slf4j\1.7.30\jul-to-slf4j-1.7.30.jar;D:\Maven\repository\jakarta\annotation\jakarta.annotation-api\1.3.5\jakarta.annotation-api-1.3.5.jar;D:\Maven\repository\org\yaml\snakeyaml\1.26\snakeyaml-1.26.jar;D:\Maven\repository\org\springframework\boot\spring-boot-starter-json\2.3.3.RELEASE\spring-boot-starter-json-2.3.3.RELEASE.jar;D:\Maven\repository\com\fasterxml\jackson\core\jackson-databind\2.11.2\jackson-databind-2.11.2.jar;D:\Maven\repository\com\fasterxml\jackson\core\jackson-annotations\2.11.2\jackson-annotations-2.11.2.jar;D:\Maven\repository\com\fasterxml\jackson\core\jackson-core\2.11.2\jackson-core-2.11.2.jar;D:\Maven\repository\com\fasterxml\jackson\datatype\jackson-datatype-jdk8\2.11.2\jackson-datatype-jdk8-2.11.2.jar;D:\Maven\repository\com\fasterxml\jackson\datatype\jackson-datatype-jsr310\2.11.2\jackson-datatype-jsr310-2.11.2.jar;D:\Maven\repository\com\fasterxml\jackson\module\jackson-module-parameter-names\2.11.2\jackson-module-parameter-names-2.11.2.jar;D:\Maven\repository\org\springframework\boot\spring-boot-starter-tomcat\2.3.3.RELEASE\spring-boot-starter-tomcat-2.3.3.RELEASE.jar;D:\Maven\repository\org\apache\tomcat\embed\tomcat-embed-core\9.0.37\tomcat-embed-core-9.0.37.jar;D:\Maven\repository\org\glassfish\jakarta.el\3.0.3\jakarta.el-3.0.3.jar;D:\Maven\repository\org\apache\tomcat\embed\tomcat-embed-websocket\9.0.37\tomcat-embed-websocket-9.0.37.jar;D:\Maven\repository\org\springframework\spring-web\5.2.8.RELEASE\spring-web-5.2.8.RELEASE.jar;D:\Maven\repository\org\springframework\spring-beans\5.2.8.RELEASE\spring-beans-5.2.8.RELEASE.jar;D:\Maven\repository\org\springframework\spring-webmvc\5.2.8.RELEASE\spring-webmvc-5.2.8.RELEASE.jar;D:\Maven\repository\org\springframework\spring-aop\5.2.8.RELEASE\spring-aop-5.2.8.RELEASE.jar;D:\Maven\repository\org\springframework\spring-context\5.2.8.RELEASE\spring-context-5.2.8.RELEASE.jar;D:\Maven\repository\org\springframework\spring-expression\5.2.8.RELEASE\spring-expression-5.2.8.RELEASE.jar;D:\Maven\repository\com\alibaba\druid-spring-boot-starter\1.1.10\druid-spring-boot-starter-1.1.10.jar;D:\Maven\repository\com\alibaba\druid\1.1.10\druid-1.1.10.jar;D:\Maven\repository\org\slf4j\slf4j-api\1.7.30\slf4j-api-1.7.30.jar;D:\Maven\repository\org\springframework\boot\spring-boot-autoconfigure\2.3.3.RELEASE\spring-boot-autoconfigure-2.3.3.RELEASE.jar;D:\Maven\repository\org\apache\hadoop\hadoop-common\2.6.0\hadoop-common-2.6.0.jar;D:\Maven\repository\org\apache\hadoop\hadoop-annotations\2.6.0\hadoop-annotations-2.6.0.jar;C:\Program Files\Java\jdk1.8.0_261\jre\..\lib\tools.jar;D:\Maven\repository\com\google\guava\guava\11.0.2\guava-11.0.2.jar;D:\Maven\repository\commons-cli\commons-cli\1.2\commons-cli-1.2.jar;D:\Maven\repository\org\apache\commons\commons-math3\3.1.1\commons-math3-3.1.1.jar;D:\Maven\repository\xmlenc\xmlenc\0.52\xmlenc-0.52.jar;D:\Maven\repository\commons-httpclient\commons-httpclient\3.1\commons-httpclient-3.1.jar;D:\Maven\repository\commons-codec\commons-codec\1.14\commons-codec-1.14.jar;D:\Maven\repository\commons-io\commons-io\2.4\commons-io-2.4.jar;D:\Maven\repository\commons-net\commons-net\3.1\commons-net-3.1.jar;D:\Maven\repository\commons-collections\commons-collections\3.2.1\commons-collections-3.2.1.jar;D:\Maven\repository\javax\servlet\servlet-api\2.5\servlet-api-2.5.jar;D:\Maven\repository\org\mortbay\jetty\jetty\6.1.26\jetty-6.1.26.jar;D:\Maven\repository\org\mortbay\jetty\jetty-util\6.1.26\jetty-util-6.1.26.jar;D:\Maven\repository\com\sun\jersey\jersey-core\1.9\jersey-core-1.9.jar;D:\Maven\repository\com\sun\jersey\jersey-json\1.9\jersey-json-1.9.jar;D:\Maven\repository\org\codehaus\jettison\jettison\1.1\jettison-1.1.jar;D:\Maven\repository\com\sun\xml\bind\jaxb-impl\2.2.3-1\jaxb-impl-2.2.3-1.jar;D:\Maven\repository\javax\xml\bind\jaxb-api\2.3.1\jaxb-api-2.3.1.jar;D:\Maven\repository\javax\activation\javax.activation-api\1.2.0\javax.activation-api-1.2.0.jar;D:\Maven\repository\org\codehaus\jackson\jackson-jaxrs\1.8.3\jackson-jaxrs-1.8.3.jar;D:\Maven\repository\org\codehaus\jackson\jackson-xc\1.8.3\jackson-xc-1.8.3.jar;D:\Maven\repository\com\sun\jersey\jersey-server\1.9\jersey-server-1.9.jar;D:\Maven\repository\asm\asm\3.1\asm-3.1.jar;D:\Maven\repository\tomcat\jasper-compiler\5.5.23\jasper-compiler-5.5.23.jar;D:\Maven\repository\tomcat\jasper-runtime\5.5.23\jasper-runtime-5.5.23.jar;D:\Maven\repository\javax\servlet\jsp\jsp-api\2.1\jsp-api-2.1.jar;D:\Maven\repository\commons-el\commons-el\1.0\commons-el-1.0.jar;D:\Maven\repository\commons-logging\commons-logging\1.1.3\commons-logging-1.1.3.jar;D:\Maven\repository\log4j\log4j\1.2.17\log4j-1.2.17.jar;D:\Maven\repository\net\java\dev\jets3t\jets3t\0.9.0\jets3t-0.9.0.jar;D:\Maven\repository\com\jamesmurty\utils\java-xmlbuilder\0.4\java-xmlbuilder-0.4.jar;D:\Maven\repository\commons-lang\commons-lang\2.6\commons-lang-2.6.jar;D:\Maven\repository\commons-configuration\commons-configuration\1.6\commons-configuration-1.6.jar;D:\Maven\repository\commons-digester\commons-digester\1.8\commons-digester-1.8.jar;D:\Maven\repository\commons-beanutils\commons-beanutils\1.7.0\commons-beanutils-1.7.0.jar;D:\Maven\repository\commons-beanutils\commons-beanutils-core\1.8.0\commons-beanutils-core-1.8.0.jar;D:\Maven\repository\org\slf4j\slf4j-log4j12\1.7.30\slf4j-log4j12-1.7.30.jar;D:\Maven\repository\org\codehaus\jackson\jackson-core-asl\1.9.13\jackson-core-asl-1.9.13.jar;D:\Maven\repository\org\codehaus\jackson\jackson-mapper-asl\1.9.13\jackson-mapper-asl-1.9.13.jar;D:\Maven\repository\org\apache\avro\avro\1.7.4\avro-1.7.4.jar;D:\Maven\repository\com\thoughtworks\paranamer\paranamer\2.3\paranamer-2.3.jar;D:\Maven\repository\org\xerial\snappy\snappy-java\1.0.4.1\snappy-java-1.0.4.1.jar;D:\Maven\repository\com\google\protobuf\protobuf-java\2.5.0\protobuf-java-2.5.0.jar;D:\Maven\repository\com\google\code\gson\gson\2.8.6\gson-2.8.6.jar;D:\Maven\repository\org\apache\hadoop\hadoop-auth\2.6.0\hadoop-auth-2.6.0.jar;D:\Maven\repository\org\apache\directory\server\apacheds-kerberos-codec\2.0.0-M15\apacheds-kerberos-codec-2.0.0-M15.jar;D:\Maven\repository\org\apache\directory\server\apacheds-i18n\2.0.0-M15\apacheds-i18n-2.0.0-M15.jar;D:\Maven\repository\org\apache\directory\api\api-asn1-api\1.0.0-M20\api-asn1-api-1.0.0-M20.jar;D:\Maven\repository\org\apache\directory\api\api-util\1.0.0-M20\api-util-1.0.0-M20.jar;D:\Maven\repository\com\jcraft\jsch\0.1.42\jsch-0.1.42.jar;D:\Maven\repository\org\apache\curator\curator-client\2.6.0\curator-client-2.6.0.jar;D:\Maven\repository\org\apache\curator\curator-recipes\2.6.0\curator-recipes-2.6.0.jar;D:\Maven\repository\com\google\code\findbugs\jsr305\1.3.9\jsr305-1.3.9.jar;D:\Maven\repository\org\htrace\htrace-core\3.0.4\htrace-core-3.0.4.jar;D:\Maven\repository\org\apache\zookeeper\zookeeper\3.4.6\zookeeper-3.4.6.jar;D:\Maven\repository\io\netty\netty\3.7.0.Final\netty-3.7.0.Final.jar;D:\Maven\repository\org\apache\commons\commons-compress\1.4.1\commons-compress-1.4.1.jar;D:\Maven\repository\org\tukaani\xz\1.0\xz-1.0.jar;D:\Maven\repository\org\springframework\boot\spring-boot-starter-jdbc\2.3.3.RELEASE\spring-boot-starter-jdbc-2.3.3.RELEASE.jar;D:\Maven\repository\com\zaxxer\HikariCP\3.4.5\HikariCP-3.4.5.jar;D:\Maven\repository\org\springframework\spring-jdbc\5.2.8.RELEASE\spring-jdbc-5.2.8.RELEASE.jar;D:\Maven\repository\org\springframework\spring-tx\5.2.8.RELEASE\spring-tx-5.2.8.RELEASE.jar;D:\Maven\repository\org\apache\hive\hive-jdbc\1.1.0\hive-jdbc-1.1.0.jar;D:\Maven\repository\org\apache\hive\hive-common\1.1.0\hive-common-1.1.0.jar;D:\Maven\repository\log4j\apache-log4j-extras\1.2.17\apache-log4j-extras-1.2.17.jar;D:\Maven\repository\org\apache\ant\ant\1.9.1\ant-1.9.1.jar;D:\Maven\repository\org\apache\ant\ant-launcher\1.9.1\ant-launcher-1.9.1.jar;D:\Maven\repository\org\apache\hive\hive-service\1.1.0\hive-service-1.1.0.jar;D:\Maven\repository\net\sf\jpam\jpam\1.1\jpam-1.1.jar;D:\Maven\repository\org\apache\thrift\libfb303\0.9.2\libfb303-0.9.2.jar;D:\Maven\repository\org\apache\hive\hive-serde\1.1.0\hive-serde-1.1.0.jar;D:\Maven\repository\net\sf\opencsv\opencsv\2.3\opencsv-2.3.jar;D:\Maven\repository\com\twitter\parquet-hadoop-bundle\1.6.0rc3\parquet-hadoop-bundle-1.6.0rc3.jar;D:\Maven\repository\org\apache\hive\hive-metastore\1.1.0\hive-metastore-1.1.0.jar;D:\Maven\repository\com\jolbox\bonecp\0.8.0.RELEASE\bonecp-0.8.0.RELEASE.jar;D:\Maven\repository\org\apache\derby\derby\10.14.2.0\derby-10.14.2.0.jar;D:\Maven\repository\org\datanucleus\datanucleus-api-jdo\3.2.6\datanucleus-api-jdo-3.2.6.jar;D:\Maven\repository\org\datanucleus\datanucleus-core\3.2.10\datanucleus-core-3.2.10.jar;D:\Maven\repository\org\datanucleus\datanucleus-rdbms\3.2.9\datanucleus-rdbms-3.2.9.jar;D:\Maven\repository\commons-pool\commons-pool\1.6\commons-pool-1.6.jar;D:\Maven\repository\commons-dbcp\commons-dbcp\1.4\commons-dbcp-1.4.jar;D:\Maven\repository\javax\jdo\jdo-api\3.0.1\jdo-api-3.0.1.jar;D:\Maven\repository\javax\transaction\jta\1.1\jta-1.1.jar;D:\Maven\repository\org\antlr\antlr-runtime\3.4\antlr-runtime-3.4.jar;D:\Maven\repository\org\antlr\stringtemplate\3.2.1\stringtemplate-3.2.1.jar;D:\Maven\repository\antlr\antlr\2.7.7\antlr-2.7.7.jar;D:\Maven\repository\org\apache\hive\hive-shims\1.1.0\hive-shims-1.1.0.jar;D:\Maven\repository\org\apache\hive\shims\hive-shims-common\1.1.0\hive-shims-common-1.1.0.jar;D:\Maven\repository\org\apache\hive\shims\hive-shims-0.20S\1.1.0\hive-shims-0.20S-1.1.0.jar;D:\Maven\repository\org\apache\hive\shims\hive-shims-0.23\1.1.0\hive-shims-0.23-1.1.0.jar;D:\Maven\repository\org\apache\hadoop\hadoop-yarn-server-resourcemanager\2.6.0\hadoop-yarn-server-resourcemanager-2.6.0.jar;D:\Maven\repository\com\google\inject\extensions\guice-servlet\3.0\guice-servlet-3.0.jar;D:\Maven\repository\com\google\inject\guice\3.0\guice-3.0.jar;D:\Maven\repository\javax\inject\javax.inject\1\javax.inject-1.jar;D:\Maven\repository\aopalliance\aopalliance\1.0\aopalliance-1.0.jar;D:\Maven\repository\com\sun\jersey\contribs\jersey-guice\1.9\jersey-guice-1.9.jar;D:\Maven\repository\org\apache\hadoop\hadoop-yarn-common\2.6.0\hadoop-yarn-common-2.6.0.jar;D:\Maven\repository\org\apache\hadoop\hadoop-yarn-api\2.6.0\hadoop-yarn-api-2.6.0.jar;D:\Maven\repository\com\sun\jersey\jersey-client\1.9\jersey-client-1.9.jar;D:\Maven\repository\org\apache\hadoop\hadoop-yarn-server-common\2.6.0\hadoop-yarn-server-common-2.6.0.jar;D:\Maven\repository\org\fusesource\leveldbjni\leveldbjni-all\1.8\leveldbjni-all-1.8.jar;D:\Maven\repository\org\apache\hadoop\hadoop-yarn-server-applicationhistoryservice\2.6.0\hadoop-yarn-server-applicationhistoryservice-2.6.0.jar;D:\Maven\repository\org\apache\hadoop\hadoop-yarn-server-web-proxy\2.6.0\hadoop-yarn-server-web-proxy-2.6.0.jar;D:\Maven\repository\org\apache\hive\shims\hive-shims-scheduler\1.1.0\hive-shims-scheduler-1.1.0.jar;D:\Maven\repository\org\apache\httpcomponents\httpclient\4.5.12\httpclient-4.5.12.jar;D:\Maven\repository\org\apache\httpcomponents\httpcore\4.4.13\httpcore-4.4.13.jar;D:\Maven\repository\org\apache\thrift\libthrift\0.9.2\libthrift-0.9.2.jar;D:\Maven\repository\org\apache\curator\curator-framework\2.6.0\curator-framework-2.6.0.jar;D:\Maven\repository\org\springframework\boot\spring-boot-devtools\2.3.3.RELEASE\spring-boot-devtools-2.3.3.RELEASE.jar;D:\Maven\repository\org\springframework\boot\spring-boot\2.3.3.RELEASE\spring-boot-2.3.3.RELEASE.jar;D:\Maven\repository\org\springframework\boot\spring-boot-starter-test\2.3.3.RELEASE\spring-boot-starter-test-2.3.3.RELEASE.jar;D:\Maven\repository\org\springframework\boot\spring-boot-test\2.3.3.RELEASE\spring-boot-test-2.3.3.RELEASE.jar;D:\Maven\repository\org\springframework\boot\spring-boot-test-autoconfigure\2.3.3.RELEASE\spring-boot-test-autoconfigure-2.3.3.RELEASE.jar;D:\Maven\repository\com\jayway\jsonpath\json-path\2.4.0\json-path-2.4.0.jar;D:\Maven\repository\net\minidev\json-smart\2.3\json-smart-2.3.jar;D:\Maven\repository\net\minidev\accessors-smart\1.2\accessors-smart-1.2.jar;D:\Maven\repository\org\ow2\asm\asm\5.0.4\asm-5.0.4.jar;D:\Maven\repository\jakarta\xml\bind\jakarta.xml.bind-api\2.3.3\jakarta.xml.bind-api-2.3.3.jar;D:\Maven\repository\jakarta\activation\jakarta.activation-api\1.2.2\jakarta.activation-api-1.2.2.jar;D:\Maven\repository\org\assertj\assertj-core\3.16.1\assertj-core-3.16.1.jar;D:\Maven\repository\org\hamcrest\hamcrest\2.2\hamcrest-2.2.jar;D:\Maven\repository\org\junit\jupiter\junit-jupiter\5.6.2\junit-jupiter-5.6.2.jar;D:\Maven\repository\org\junit\jupiter\junit-jupiter-api\5.6.2\junit-jupiter-api-5.6.2.jar;D:\Maven\repository\org\apiguardian\apiguardian-api\1.1.0\apiguardian-api-1.1.0.jar;D:\Maven\repository\org\opentest4j\opentest4j\1.2.0\opentest4j-1.2.0.jar;D:\Maven\repository\org\junit\platform\junit-platform-commons\1.6.2\junit-platform-commons-1.6.2.jar;D:\Maven\repository\org\junit\jupiter\junit-jupiter-params\5.6.2\junit-jupiter-params-5.6.2.jar;D:\Maven\repository\org\junit\jupiter\junit-jupiter-engine\5.6.2\junit-jupiter-engine-5.6.2.jar;D:\Maven\repository\org\junit\platform\junit-platform-engine\1.6.2\junit-platform-engine-1.6.2.jar;D:\Maven\repository\org\mockito\mockito-core\3.3.3\mockito-core-3.3.3.jar;D:\Maven\repository\net\bytebuddy\byte-buddy\1.10.14\byte-buddy-1.10.14.jar;D:\Maven\repository\net\bytebuddy\byte-buddy-agent\1.10.14\byte-buddy-agent-1.10.14.jar;D:\Maven\repository\org\objenesis\objenesis\2.6\objenesis-2.6.jar;D:\Maven\repository\org\mockito\mockito-junit-jupiter\3.3.3\mockito-junit-jupiter-3.3.3.jar;D:\Maven\repository\org\skyscreamer\jsonassert\1.5.0\jsonassert-1.5.0.jar;D:\Maven\repository\com\vaadin\external\google\android-json\0.0.20131108.vaadin1\android-json-0.0.20131108.vaadin1.jar;D:\Maven\repository\org\springframework\spring-core\5.2.8.RELEASE\spring-core-5.2.8.RELEASE.jar;D:\Maven\repository\org\springframework\spring-jcl\5.2.8.RELEASE\spring-jcl-5.2.8.RELEASE.jar;D:\Maven\repository\org\springframework\spring-test\5.2.8.RELEASE\spring-test-5.2.8.RELEASE.jar;D:\Maven\repository\org\xmlunit\xmlunit-core\2.7.0\xmlunit-core-2.7.0.jar;"/>
    <property name="sun.cpu.endian" value="little"/>
    <property name="user.home" value="C:\Users\01397553"/>
    <property name="user.language" value="zh"/>
    <property name="java.specification.vendor" value="Oracle Corporation"/>
    <property name="java.home" value="C:\Program Files\Java\jdk1.8.0_261\jre"/>
    <property name="basedir" value="D:\Project\hive_test"/>
    <property name="file.separator" value="\"/>
    <property name="line.separator" value="&#10;"/>
    <property name="java.vm.specification.vendor" value="Oracle Corporation"/>
    <property name="java.specification.name" value="Java Platform API Specification"/>
    <property name="java.awt.graphicsenv" value="sun.awt.Win32GraphicsEnvironment"/>
    <property name="surefire.real.class.path" value="C:\Users\01397553\AppData\Local\Temp\surefire903162146246108997\surefirebooter7605076635142506721.jar"/>
    <property name="sun.boot.class.path" value="C:\Program Files\Java\jdk1.8.0_261\jre\lib\resources.jar;C:\Program Files\Java\jdk1.8.0_261\jre\lib\rt.jar;C:\Program Files\Java\jdk1.8.0_261\jre\lib\sunrsasign.jar;C:\Program Files\Java\jdk1.8.0_261\jre\lib\jsse.jar;C:\Program Files\Java\jdk1.8.0_261\jre\lib\jce.jar;C:\Program Files\Java\jdk1.8.0_261\jre\lib\charsets.jar;C:\Program Files\Java\jdk1.8.0_261\jre\lib\jfr.jar;C:\Program Files\Java\jdk1.8.0_261\jre\classes"/>
    <property name="user.script" value=""/>
    <property name="sun.management.compiler" value="HotSpot 64-Bit Tiered Compilers"/>
    <property name="java.runtime.version" value="1.8.0_261-b12"/>
    <property name="user.name" value="01397553"/>
    <property name="path.separator" value=";"/>
    <property name="os.version" value="10.0"/>
    <property name="java.endorsed.dirs" value="C:\Program Files\Java\jdk1.8.0_261\jre\lib\endorsed"/>
    <property name="java.runtime.name" value="Java(TM) SE Runtime Environment"/>
    <property name="file.encoding" value="GBK"/>
    <property name="java.vm.name" value="Java HotSpot(TM) 64-Bit Server VM"/>
    <property name="localRepository" value="D:\Maven\repository"/>
    <property name="java.vendor.url.bug" value="http://bugreport.sun.com/bugreport/"/>
    <property name="java.io.tmpdir" value="C:\Users\01397553\AppData\Local\Temp\"/>
    <property name="java.version" value="1.8.0_261"/>
    <property name="user.dir" value="D:\Project\hive_test"/>
    <property name="os.arch" value="amd64"/>
    <property name="java.vm.specification.name" value="Java Virtual Machine Specification"/>
    <property name="java.awt.printerjob" value="sun.awt.windows.WPrinterJob"/>
    <property name="sun.os.patch.level" value=""/>
    <property name="java.library.path" value="C:\Program Files\Java\jdk1.8.0_261\jre\bin;C:\Windows\Sun\Java\bin;C:\Windows\system32;C:\Windows;C:\Program Files (x86)\Common Files\Oracle\Java\javapath;D:\xftp\;D:\xshell\;C:\Windows\system32;C:\Windows;C:\Windows\System32\Wbem;C:\Windows\System32\WindowsPowerShell\v1.0\;C:\Windows\System32\OpenSSH\;D:\git\Git\cmd;C:\Program Files\MySQL\MySQL Shell 8.0\bin\;C:\Program Files\Java\jdk1.8.0_261\bin;C:\Program Files\Java\jdk1.8.0_261\jre\bin;C:\Users\01397553\AppData\Local\Microsoft\WindowsApps;D:\Maven\apache-maven-3.2.5\bin;;."/>
    <property name="java.vm.info" value="mixed mode"/>
    <property name="java.vendor" value="Oracle Corporation"/>
    <property name="java.vm.version" value="25.261-b12"/>
    <property name="java.ext.dirs" value="C:\Program Files\Java\jdk1.8.0_261\jre\lib\ext;C:\Windows\Sun\Java\lib\ext"/>
    <property name="sun.io.unicode.encoding" value="UnicodeLittle"/>
    <property name="java.class.version" value="52.0"/>
  </properties>
  <testcase name="contextLoads" classname="com.spx.hive_test.HiveTestApplicationTests" time="0.7"/>
</testsuite>